[debug] [2024-10-27T08:07:09.565Z] ----------------------------------------------------------------------
[debug] [2024-10-27T08:07:09.569Z] Command:       C:\Program Files\nodejs\node.exe C:\Users\hp\AppData\Roaming\npm\node_modules\firebase-tools\lib\bin\firebase.js init hosting
[debug] [2024-10-27T08:07:09.570Z] CLI Version:   13.22.0
[debug] [2024-10-27T08:07:09.570Z] Platform:      win32
[debug] [2024-10-27T08:07:09.570Z] Node Version:  v21.7.3
[debug] [2024-10-27T08:07:09.571Z] Time:          Sun Oct 27 2024 13:37:09 GMT+0530 (India Standard Time)
[debug] [2024-10-27T08:07:09.571Z] ----------------------------------------------------------------------
[debug] 
[debug] [2024-10-27T08:07:09.576Z] >>> [apiv2][query] GET https://firebase-public.firebaseio.com/cli.json [none]
[debug] [2024-10-27T08:07:09.762Z] > command requires scopes: ["email","openid","https://www.googleapis.com/auth/cloudplatformprojects.readonly","https://www.googleapis.com/auth/firebase","https://www.googleapis.com/auth/cloud-platform"]
[debug] [2024-10-27T08:07:09.762Z] > authorizing via signed-in user (mk1070355@gmail.com)
[info] 
     ######## #### ########  ######## ########     ###     ######  ########
     ##        ##  ##     ## ##       ##     ##  ##   ##  ##       ##
     ######    ##  ########  ######   ########  #########  ######  ######
     ##        ##  ##    ##  ##       ##     ## ##     ##       ## ##
     ##       #### ##     ## ######## ########  ##     ##  ######  ########

You're about to initialize a Firebase project in this directory:

  C:\Users\hp\Desktop\Introdunction to React\netflix-clone\my-project

Before we get started, keep in mind:

  * You are initializing within an existing Firebase project directory

[debug] [2024-10-27T08:07:10.450Z] <<< [apiv2][status] GET https://firebase-public.firebaseio.com/cli.json 200
[debug] [2024-10-27T08:07:10.451Z] <<< [apiv2][body] GET https://firebase-public.firebaseio.com/cli.json {"cloudBuildErrorAfter":1594252800000,"cloudBuildWarnAfter":1590019200000,"defaultNode10After":1594252800000,"minVersion":"3.0.5","node8DeploysDisabledAfter":1613390400000,"node8RuntimeDisabledAfter":1615809600000,"node8WarnAfter":1600128000000}
[info] 
=== Project Setup
[info] 
[info] First, let's associate this project directory with a Firebase project.
[info] You can create multiple project aliases by running firebase use --add, 
[info] but for now we'll just set up a default project.
[info] 
[debug] [2024-10-27T08:07:19.363Z] Using project from CLI flag: netflixclone-894d6
[debug] [2024-10-27T08:07:19.364Z] Checked if tokens are valid: false, expires at: 1728984098169
[debug] [2024-10-27T08:07:19.364Z] Checked if tokens are valid: false, expires at: 1728984098169
[debug] [2024-10-27T08:07:19.366Z] > refreshing access token with scopes: []
[debug] [2024-10-27T08:07:19.368Z] >>> [apiv2][query] POST https://www.googleapis.com/oauth2/v3/token [none]
[debug] [2024-10-27T08:07:19.369Z] >>> [apiv2][body] POST https://www.googleapis.com/oauth2/v3/token [omitted]
[debug] [2024-10-27T08:07:19.638Z] <<< [apiv2][status] POST https://www.googleapis.com/oauth2/v3/token 200
[debug] [2024-10-27T08:07:19.638Z] <<< [apiv2][body] POST https://www.googleapis.com/oauth2/v3/token [omitted]
[debug] [2024-10-27T08:07:19.654Z] >>> [apiv2][query] GET https://firebase.googleapis.com/v1beta1/projects/netflixclone-894d6 [none]
[debug] [2024-10-27T08:07:20.131Z] <<< [apiv2][status] GET https://firebase.googleapis.com/v1beta1/projects/netflixclone-894d6 200
[debug] [2024-10-27T08:07:20.131Z] <<< [apiv2][body] GET https://firebase.googleapis.com/v1beta1/projects/netflixclone-894d6 {"projectId":"netflixclone-894d6","projectNumber":"779407573254","displayName":"NetflixClone","name":"projects/netflixclone-894d6","resources":{"hostingSite":"netflixclone-894d6"},"state":"ACTIVE","etag":"1_d66a0722-d758-4e09-ae35-d044161713f9"}
[info] i  Using project netflixclone-894d6 (NetflixClone) 
[info] 
=== Hosting Setup
[debug] [2024-10-27T08:07:20.147Z] Checked if tokens are valid: true, expires at: 1730020038639
[debug] [2024-10-27T08:07:20.147Z] Checked if tokens are valid: true, expires at: 1730020038639
[debug] [2024-10-27T08:07:20.147Z] >>> [apiv2][query] GET https://firebase.googleapis.com/v1beta1/projects/netflixclone-894d6 [none]
[debug] [2024-10-27T08:07:20.719Z] <<< [apiv2][status] GET https://firebase.googleapis.com/v1beta1/projects/netflixclone-894d6 200
[debug] [2024-10-27T08:07:20.719Z] <<< [apiv2][body] GET https://firebase.googleapis.com/v1beta1/projects/netflixclone-894d6 {"projectId":"netflixclone-894d6","projectNumber":"779407573254","displayName":"NetflixClone","name":"projects/netflixclone-894d6","resources":{"hostingSite":"netflixclone-894d6"},"state":"ACTIVE","etag":"1_d66a0722-d758-4e09-ae35-d044161713f9"}
[info] 
[info] Your public directory is the folder (relative to your project directory) that
[info] will contain Hosting assets to be uploaded with firebase deploy. If you
[info] have a build process for your assets, use your build's output directory.
[info] 
